<?xml version="1.0" encoding="UTF-8"?>
<!-- Generated by org.testng.reporters.JUnitReportReporter -->
<testsuite hostname="at02guvi01" name="bdd.feature.BddFeatureRunner" tests="1" failures="0" timestamp="10 Jan 2017 17:24:48 GMT" time="14.600" errors="0">
  <testcase name="feature" time="14.600" classname="bdd.feature.BddFeatureRunner"/>
</testsuite> <!-- bdd.feature.BddFeatureRunner -->
